<?xml version="1.0" encoding="UTF-8"?>
<testsuite xmlns:xsi="http://www.w3.org/2001/XMLSchema-instance" xsi:noNamespaceSchemaLocation="https://maven.apache.org/surefire/maven-surefire-plugin/xsd/surefire-test-report.xsd" name="za.ac.nwu.ac.web.sb.controller.AccountTypeControllerTest" time="23.459" tests="6" errors="0" skipped="0" failures="0">
  <properties>
[...]
</properties>
  <testcase name="create" classname="za.ac.nwu.ac.web.sb.controller.AccountTypeControllerTest" time="10.503"/>
  <testcase name="getAll" classname="za.ac.nwu.ac.web.sb.controller.AccountTypeControllerTest" time="0.527"/>
  <testcase name="updateAccountTypeObitMandatory" classname="za.ac.nwu.ac.web.sb.controller.AccountTypeControllerTest" time="0.804"/>
  <testcase name="updateAccountType" classname="za.ac.nwu.ac.web.sb.controller.AccountTypeControllerTest" time="0.708"/>
  <testcase name="updateAccountTypeWithNoOptionalDate" classname="za.ac.nwu.ac.web.sb.controller.AccountTypeControllerTest" time="0.866"/>
  <testcase name="deleteAccountType" classname="za.ac.nwu.ac.web.sb.controller.AccountTypeControllerTest" time="0.526"/>
</testsuite>